AUTOCREATE
2017-01-11T20:47:24+0100 : 0|admin|login|index|[]
2017-01-11T20:47:42+0100 : 0|admin|login|login|{"username":"admin"}
2017-01-11T20:47:42+0100 : 3|admin|index|index|[]
2017-01-11T20:47:43+0100 : 3|admin|misc|admin-css|{"extjs6":"true?_dc=4025"}
2017-01-11T20:47:43+0100 : 3|admin|misc|json-translations-system|{"language":"en"}
2017-01-11T20:47:43+0100 : 3|admin|misc|json-translations-admin|{"language":"en"}
2017-01-11T20:47:43+0100 : 3|admin|user|get-current-user|[]
2017-01-11T20:47:43+0100 : 3|admin|misc|available-languages|[]
2017-01-11T20:47:43+0100 : 3|admin|user|get-image|[]
2017-01-11T20:47:44+0100 : 3|admin|misc|script-proxy|{"scriptPath":"\/website\/var\/system\/","scripts":"minified_javascript_core_571593832f44f20..."}
2017-01-11T20:47:50+0100 : 3|admin|class|get-tree|{"page":"1","start":"0","limit":"25"}
2017-01-11T20:47:50+0100 : 3|admin|settings|get-available-sites|{"page":"1","start":"0","limit":"25"}
2017-01-11T20:47:50+0100 : 3|admin|class|get-tree|{"createAllowed":"true","page":"1","start":"0","limit":"25"}
2017-01-11T20:47:50+0100 : 3|admin|settings|get-available-admin-languages|{"page":"1","start":"0","limit":"25"}
2017-01-11T20:47:50+0100 : 3|reports|targeting|persona-list|{"page":"1","start":"0","limit":"25"}
2017-01-11T20:47:51+0100 : 3|admin|document|tree-get-root|{"id":"1","view":"null"}
2017-01-11T20:47:51+0100 : 3|admin|asset|tree-get-root|{"id":"1","view":"null"}
2017-01-11T20:47:51+0100 : 3|admin|portal|dashboard-list|[]
2017-01-11T20:47:51+0100 : 3|admin|object|tree-get-root|{"id":"null","view":"null"}
2017-01-11T20:47:51+0100 : 3|admin|document|doc-types|{"xaction":"read","page":"1","start":"0","limit":"25"}
2017-01-11T20:47:51+0100 : 3|admin|document|tree-get-childs-by-id|{"limit":"100","view":"null","node":"1"}
2017-01-11T20:47:51+0100 : 3|admin|document|tree-get-childs-by-id|{"limit":"100","view":"null","node":"1"}
2017-01-11T20:47:51+0100 : 3|admin|asset|tree-get-childs-by-id|{"limit":"30","view":"null","node":"1"}
2017-01-11T20:47:51+0100 : 3|admin|asset|tree-get-childs-by-id|{"limit":"30","view":"null","node":"1"}
2017-01-11T20:47:52+0100 : 3|admin|object|tree-get-childs-by-id|{"limit":"30","view":"null","node":"1"}
2017-01-11T20:47:52+0100 : 3|admin|object|tree-get-childs-by-id|{"limit":"30","view":"null","node":"1"}
2017-01-11T20:47:52+0100 : 3|reports|custom-report|get-report-config|[]
2017-01-11T20:47:57+0100 : 3|admin|asset|get-image-thumbnail|{"id":"69","treepreview":"true"}
2017-01-11T20:47:57+0100 : 3|admin|asset|get-image-thumbnail|{"id":"39","treepreview":"true"}
2017-01-11T20:47:58+0100 : 3|admin|asset|get-image-thumbnail|{"id":"38","treepreview":"true"}
2017-01-11T20:47:58+0100 : 3|admin|asset|get-image-thumbnail|{"id":"40","treepreview":"true"}
2017-01-11T20:47:58+0100 : 3|admin|asset|get-image-thumbnail|{"id":"41","treepreview":"true"}
2017-01-11T20:47:58+0100 : 3|admin|asset|get-image-thumbnail|{"id":"21","treepreview":"true"}
2017-01-11T20:47:58+0100 : 3|admin|asset|get-image-thumbnail|{"id":"20","treepreview":"true"}
2017-01-11T20:47:59+0100 : 3|admin|asset|get-image-thumbnail|{"id":"4","treepreview":"true"}
2017-01-11T20:47:59+0100 : 3|admin|asset|get-image-thumbnail|{"id":"6","treepreview":"true"}
2017-01-11T20:47:59+0100 : 3|admin|asset|get-image-thumbnail|{"id":"5","treepreview":"true"}
2017-01-11T20:48:00+0100 : 3|admin|asset|get-image-thumbnail|{"id":"65","treepreview":"true"}
2017-01-11T20:48:00+0100 : 3|admin|asset|get-image-thumbnail|{"id":"69","treepreview":"true"}
2017-01-11T20:48:00+0100 : 3|admin|asset|get-image-thumbnail|{"id":"35","treepreview":"true"}
2017-01-11T20:48:00+0100 : 3|admin|asset|get-image-thumbnail|{"id":"41","treepreview":"true"}
2017-01-11T20:48:00+0100 : 3|admin|asset|get-image-thumbnail|{"id":"38","treepreview":"true"}
2017-01-11T20:48:00+0100 : 3|admin|asset|get-image-thumbnail|{"id":"39","treepreview":"true"}
2017-01-11T20:48:00+0100 : 3|admin|asset|get-image-thumbnail|{"id":"21","treepreview":"true"}
2017-01-11T20:48:00+0100 : 3|admin|asset|get-image-thumbnail|{"id":"20","treepreview":"true"}
2017-01-11T20:48:00+0100 : 3|admin|asset|get-image-thumbnail|{"id":"40","treepreview":"true"}
2017-01-11T20:48:01+0100 : 3|admin|asset|get-image-thumbnail|{"id":"18","treepreview":"true"}
2017-01-11T20:48:01+0100 : 3|admin|asset|get-image-thumbnail|{"id":"25","treepreview":"true"}
2017-01-11T20:48:01+0100 : 3|admin|asset|get-image-thumbnail|{"id":"19","treepreview":"true"}
2017-01-11T20:48:01+0100 : 3|admin|asset|get-image-thumbnail|{"id":"24","treepreview":"true"}
2017-01-11T20:48:01+0100 : 3|admin|asset|get-image-thumbnail|{"id":"23","treepreview":"true"}
2017-01-11T20:48:01+0100 : 3|admin|asset|get-image-thumbnail|{"id":"22","treepreview":"true"}
2017-01-11T20:48:03+0100 : 3|admin|asset|get-image-thumbnail|{"id":"55","treepreview":"true"}
2017-01-11T20:48:03+0100 : 3|admin|asset|get-image-thumbnail|{"id":"56","treepreview":"true"}
2017-01-11T20:48:03+0100 : 3|admin|asset|get-image-thumbnail|{"id":"57","treepreview":"true"}
2017-01-11T20:48:03+0100 : 3|admin|asset|get-image-thumbnail|{"id":"53","treepreview":"true"}
2017-01-11T20:48:03+0100 : 3|admin|object|tree-get-childs-by-id|{"limit":"30","view":"null","fromPaging":"0","start":"0","node":"10"}
2017-01-11T20:48:03+0100 : 3|admin|asset|get-image-thumbnail|{"id":"48","treepreview":"true"}
2017-01-11T20:48:04+0100 : 3|admin|asset|get-image-thumbnail|{"id":"43","treepreview":"true"}
2017-01-11T20:48:05+0100 : 3|admin|asset|get-image-thumbnail|{"id":"50","treepreview":"true"}
2017-01-11T20:48:05+0100 : 3|admin|asset|get-image-thumbnail|{"id":"47","treepreview":"true"}
2017-01-11T20:48:05+0100 : 3|admin|asset|get-image-thumbnail|{"id":"46","treepreview":"true"}
2017-01-11T20:48:06+0100 : 3|admin|asset|get-image-thumbnail|{"id":"51","treepreview":"true"}
2017-01-11T20:48:07+0100 : 3|admin|asset|get-image-thumbnail|{"id":"52","treepreview":"true"}
2017-01-11T20:48:07+0100 : 3|admin|asset|get-image-thumbnail|{"id":"44","treepreview":"true"}
2017-01-11T20:48:08+0100 : 3|admin|asset|get-image-thumbnail|{"id":"49","treepreview":"true"}
2017-01-11T20:48:08+0100 : 3|admin|asset|get-image-thumbnail|{"id":"45","treepreview":"true"}
2017-01-11T20:49:19+0100 : 3|admin|page|get-data-by-id|{"id":"1"}
2017-01-11T20:49:21+0100 : 3|admin|misc|script-proxy|{"scriptPath":"\/website\/var\/system\/","scripts":"minified_javascript_core_18e34a8085b763e..."}
2017-01-11T20:49:21+0100 : 3|admin|misc|json-translations-admin|{"language":"en"}
2017-01-11T20:49:21+0100 : 3|admin|misc|json-translations-system|{"language":"en"}
2017-01-11T20:49:23+0100 : 3|admin|asset|get-image-thumbnail|{"id":"4","thumbnail":"portalCarousel","path":"\/portal-sujets\/slide-01.jpg","alt":"null","cropPercent":"null","cropWidth":"null","cropHeight":"null","cropTop":"null","cropLeft":"null","pimcore_editmode":"1"}
2017-01-11T20:49:28+0100 : 3|admin|asset|get-image-thumbnail|{"id":"5","thumbnail":"portalCarousel","path":"\/portal-sujets\/slide-02.jpg","alt":"null","cropPercent":"null","cropWidth":"null","cropHeight":"null","cropTop":"null","cropLeft":"null","pimcore_editmode":"1"}
2017-01-11T20:49:31+0100 : 3|admin|asset|get-image-thumbnail|{"id":"6","thumbnail":"portalCarousel","path":"\/portal-sujets\/slide-03.jpg","alt":"null","cropPercent":"null","cropWidth":"null","cropHeight":"null","cropTop":"null","cropLeft":"null","pimcore_editmode":"1"}
2017-01-11T20:49:37+0100 : 3|admin|asset|get-image-thumbnail|{"id":"19","thumbnail":"featurerette","path":"\/examples\/panama\/img_0201.jpg","alt":"null","cropPercent":"null","cropWidth":"null","cropHeight":"null","cropTop":"null","cropLeft":"null","pimcore_editmode":"1"}
2017-01-11T20:49:38+0100 : 3|admin|asset|get-image-thumbnail|{"id":"55","thumbnail":"featurerette","path":"\/examples\/singapore\/dsc03778.jpg","alt":"null","cropPercent":"null","cropWidth":"null","cropHeight":"null","cropTop":"null","cropLeft":"null","pimcore_editmode":"1"}
2017-01-11T20:49:40+0100 : 3|admin|asset|get-image-thumbnail|{"id":"23","thumbnail":"galleryCarousel","path":"\/examples\/panama\/img_0411.jpg","alt":"null","cropPercent":"null","cropWidth":"null","cropHeight":"null","cropTop":"null","cropLeft":"null","pimcore_editmode":"1"}
2017-01-11T20:49:47+0100 : 3|admin|asset|get-image-thumbnail|{"id":"24","thumbnail":"galleryCarousel","path":"\/examples\/panama\/img_0410.jpg","alt":"null","cropPercent":"null","cropWidth":"null","cropHeight":"null","cropTop":"null","cropLeft":"null","pimcore_editmode":"1"}
2017-01-11T20:49:50+0100 : 3|admin|asset|get-image-thumbnail|{"id":"22","thumbnail":"galleryCarousel","path":"\/examples\/panama\/img_0399.jpg","alt":"null","cropPercent":"null","cropWidth":"null","cropHeight":"null","cropTop":"null","cropLeft":"null","pimcore_editmode":"1"}
2017-01-11T20:50:23+0100 : 3|admin|misc|get-available-modules|{"page":"1","start":"0","limit":"25"}
2017-01-11T20:50:23+0100 : 3|admin|misc|get-available-templates|{"page":"1","start":"0","limit":"25"}
2017-01-11T20:50:29+0100 : 3|admin|page|check-pretty-url|{"id":"1","path":"\/"}
2017-01-11T20:50:30+0100 : 3|admin|page|save|{"task":"publish","id":"1","data":"{\"cImage_0\":{\"data\":{\"id\":4,\"path\":\"\\\/po...","properties":"{\"sidebar\":{\"data\":\"\\\/en\\\/sidebar\",\"type...","settings":"{\"title\":\"\",\"description\":\"\",\"prettyUrl\"..."}
2017-01-11T20:50:30+0100 : 3|admin|document|get-versions|{"id":"1","page":"1","start":"0","limit":"25"}
2017-01-11T21:10:53+0100 : 3|admin|misc|ping|[]
2017-01-11T21:33:53+0100 : 3|admin|misc|ping|[]
2017-01-11T21:40:39+0100 : 3|admin|page|get-data-by-id|{"id":"39"}
2017-01-11T21:40:41+0100 : 3|admin|misc|json-translations-system|{"language":"en"}
2017-01-11T21:40:41+0100 : 3|admin|misc|json-translations-admin|{"language":"en"}
2017-01-11T21:56:53+0100 : 3|admin|misc|ping|[]
2017-01-12T21:46:00+0100 : 0|admin|login|index|[]
2017-01-12T21:46:21+0100 : 0|admin|login|login|{"username":"admin"}
2017-01-12T21:46:21+0100 : 3|admin|index|index|[]
2017-01-12T21:46:22+0100 : 3|admin|misc|admin-css|{"extjs6":"true?_dc=4025"}
2017-01-12T21:46:22+0100 : 3|admin|misc|json-translations-system|{"language":"en"}
2017-01-12T21:46:22+0100 : 3|admin|user|get-current-user|[]
2017-01-12T21:46:22+0100 : 3|admin|misc|json-translations-admin|{"language":"en"}
2017-01-12T21:46:22+0100 : 3|admin|misc|available-languages|[]
2017-01-12T21:46:22+0100 : 3|admin|user|get-image|[]
2017-01-12T21:46:23+0100 : 3|admin|misc|script-proxy|{"scriptPath":"\/website\/var\/system\/","scripts":"minified_javascript_core_571593832f44f20..."}
2017-01-12T21:46:27+0100 : 3|admin|settings|get-available-sites|{"page":"1","start":"0","limit":"25"}
2017-01-12T21:46:27+0100 : 3|reports|targeting|persona-list|{"page":"1","start":"0","limit":"25"}
2017-01-12T21:46:27+0100 : 3|admin|settings|get-available-admin-languages|{"page":"1","start":"0","limit":"25"}
2017-01-12T21:46:27+0100 : 3|admin|class|get-tree|{"page":"1","start":"0","limit":"25"}
2017-01-12T21:46:27+0100 : 3|admin|class|get-tree|{"createAllowed":"true","page":"1","start":"0","limit":"25"}
2017-01-12T21:46:27+0100 : 3|admin|document|tree-get-root|{"id":"1","view":"null"}
2017-01-12T21:46:27+0100 : 3|admin|asset|tree-get-root|{"id":"1","view":"null"}
2017-01-12T21:46:27+0100 : 3|admin|portal|dashboard-list|[]
2017-01-12T21:46:28+0100 : 3|admin|object|tree-get-root|{"id":"null","view":"null"}
2017-01-12T21:46:28+0100 : 3|admin|document|doc-types|{"xaction":"read","page":"1","start":"0","limit":"25"}
2017-01-12T21:46:28+0100 : 3|admin|document|tree-get-childs-by-id|{"limit":"100","view":"null","node":"1"}
2017-01-12T21:46:28+0100 : 3|admin|document|tree-get-childs-by-id|{"limit":"100","view":"null","node":"1"}
2017-01-12T21:46:28+0100 : 3|admin|asset|tree-get-childs-by-id|{"limit":"30","view":"null","node":"1"}
2017-01-12T21:46:28+0100 : 3|admin|asset|tree-get-childs-by-id|{"limit":"30","view":"null","node":"1"}
2017-01-12T21:46:28+0100 : 3|admin|object|tree-get-childs-by-id|{"limit":"30","view":"null","node":"1"}
2017-01-12T21:46:28+0100 : 3|admin|object|tree-get-childs-by-id|{"limit":"30","view":"null","node":"1"}
2017-01-12T21:46:28+0100 : 3|reports|custom-report|get-report-config|[]
2017-01-12T21:46:42+0100 : 3|admin|tags|tree-get-children-by-id|{"showSelection":"true","assignmentCId":"null","assignmentCType":"null","node":"0"}
2017-01-12T21:47:05+0100 : 3|admin|class|get-tree|{"grouped":"1","node":"0"}
2017-01-12T21:47:17+0100 : 3|admin|misc|phpinfo|[]
2017-01-12T21:56:52+0100 : 3|admin|misc|fileexplorer-tree|{"sort":"[{\"property\":\"text\",\"direction\":\"ASC\"}]","node":"\/fileexplorer\/"}
2017-01-12T21:56:56+0100 : 3|admin|misc|fileexplorer-content|{"path":"\/fileexplorer\/index.php"}
2017-01-12T21:56:58+0100 : 3|admin|misc|fileexplorer-content|{"path":"\/fileexplorer\/constants.example.php"}
2017-01-12T21:57:08+0100 : 3|admin|misc|fileexplorer-content|{"path":"\/fileexplorer\/composer.lock"}
2017-01-12T21:57:09+0100 : 3|admin|misc|fileexplorer-content|{"path":"\/fileexplorer\/.htaccess"}
2017-01-12T21:57:22+0100 : 3|admin|misc|fileexplorer-tree|{"sort":"[{\"property\":\"text\",\"direction\":\"ASC\"}]","node":"\/fileexplorer\/website"}
2017-01-12T21:58:50+0100 : 3|admin|misc|fileexplorer-content|{"path":"\/fileexplorer\/website\/BUILD-HOWTO.txt"}
2017-01-12T21:59:00+0100 : 3|admin|misc|fileexplorer-content|{"path":"\/fileexplorer\/website\/build-dependency.t..."}
2017-01-12T21:59:05+0100 : 3|admin|misc|fileexplorer-tree|{"sort":"[{\"property\":\"text\",\"direction\":\"ASC\"}]","node":"\/fileexplorer\/website\/views"}
2017-01-12T21:59:47+0100 : 3|admin|misc|fileexplorer-tree|{"sort":"[{\"property\":\"text\",\"direction\":\"ASC\"}]","node":"\/fileexplorer\/website\/views\/areas"}
2017-01-12T21:59:52+0100 : 3|admin|misc|fileexplorer-tree|{"sort":"[{\"property\":\"text\",\"direction\":\"ASC\"}]","node":"\/fileexplorer\/website\/views\/layouts"}
2017-01-12T21:59:53+0100 : 3|admin|misc|fileexplorer-tree|{"sort":"[{\"property\":\"text\",\"direction\":\"ASC\"}]","node":"\/fileexplorer\/website\/views\/scripts"}
2017-01-12T21:59:57+0100 : 3|admin|misc|fileexplorer-content|{"path":"\/fileexplorer\/website\/views\/layouts\/layo..."}
2017-01-12T22:00:17+0100 : 3|admin|misc|fileexplorer-tree|{"sort":"[{\"property\":\"text\",\"direction\":\"ASC\"}]","node":"\/fileexplorer\/website\/var"}
2017-01-12T22:00:26+0100 : 3|admin|translation|add-admin-translation-keys|{"keys":"[\"content-page\",\"sidebar\",\"standard-mail..."}
2017-01-12T22:01:00+0100 : 3|admin|misc|fileexplorer-tree|{"sort":"[{\"property\":\"text\",\"direction\":\"ASC\"}]","node":"\/fileexplorer\/website\/dump"}
2017-01-12T22:01:03+0100 : 3|admin|misc|fileexplorer-content|{"path":"\/fileexplorer\/website\/dump\/create-dump.p..."}
2017-01-12T22:09:26+0100 : 3|admin|misc|ping|[]
2017-01-12T22:32:26+0100 : 3|admin|misc|ping|[]
2017-01-20T19:07:00+0100 : 0|admin|login|index|[]
2017-01-20T19:10:55+0100 : 0|admin|login|lostpassword|[]
2017-01-20T19:11:02+0100 : 0|admin|login|lostpassword|{"username":"admin","submit":"null"}
2017-01-20T19:13:39+0100 : 0|admin|login|index|[]
2017-01-20T19:14:24+0100 : 0|admin|login|login|{"username":"admin"}
2017-01-20T19:14:25+0100 : 0|admin|login|index|{"auth_failed":"true"}
2017-01-20T19:14:43+0100 : 0|admin|login|login|{"username":"root"}
2017-01-20T19:14:43+0100 : 0|admin|login|index|{"auth_failed":"true"}
2017-01-20T19:14:47+0100 : 0|admin|login|login|{"username":"admin"}
2017-01-20T19:14:48+0100 : 0|admin|login|index|{"auth_failed":"true"}
2017-01-20T19:15:35+0100 : 0|admin|login|index|{"auth_failed":"true"}
2017-01-20T19:15:41+0100 : 0|admin|login|index|[]
2017-01-20T19:16:53+0100 : 0|admin|login|login|{"username":"admin"}
2017-01-20T19:16:53+0100 : 0|admin|login|index|{"auth_failed":"true"}
2017-01-20T19:17:43+0100 : 0|admin|login|login|{"username":"root"}
2017-01-20T19:17:43+0100 : 0|admin|login|index|{"auth_failed":"true"}
2017-01-20T19:17:49+0100 : 0|admin|login|login|{"username":"admin"}
2017-01-20T19:17:49+0100 : 0|admin|login|index|{"auth_failed":"true"}
2017-01-20T19:18:16+0100 : 0|admin|login|login|{"username":"admin"}
2017-01-20T19:18:16+0100 : 0|admin|login|index|{"auth_failed":"true"}
2017-01-20T19:18:45+0100 : 0|admin|login|lostpassword|[]
2017-01-20T19:18:48+0100 : 0|admin|login|lostpassword|{"username":"admin","submit":"null"}
2017-01-20T19:22:10+0100 : 0|admin|login|index|[]
2017-01-20T19:22:12+0100 : 0|admin|login|lostpassword|[]
2017-01-20T19:22:15+0100 : 0|admin|login|lostpassword|{"username":"admin","submit":"null"}
2017-01-20T19:22:20+0100 : 0|admin|login|index|[]
2017-01-20T19:22:31+0100 : 0|admin|login|login|{"username":"admin"}
2017-01-20T19:22:31+0100 : 0|admin|login|index|{"auth_failed":"true"}
2017-01-20T19:22:43+0100 : 0|admin|login|login|{"username":"admin","token":"def50200046060604535fabe98831d6a37ba449a...","reset":"true"}
2017-01-20T19:22:44+0100 : 3|admin|index|index|[]
2017-01-20T19:22:45+0100 : 3|admin|misc|admin-css|{"extjs6":"true?_dc=4025"}
2017-01-20T19:22:45+0100 : 3|admin|misc|json-translations-system|{"language":"en"}
2017-01-20T19:22:45+0100 : 3|admin|misc|json-translations-admin|{"language":"en"}
2017-01-20T19:22:45+0100 : 3|admin|user|get-current-user|[]
2017-01-20T19:22:45+0100 : 3|admin|misc|available-languages|[]
2017-01-20T19:22:45+0100 : 3|admin|user|get-image|[]
2017-01-20T19:22:46+0100 : 3|admin|misc|script-proxy|{"scriptPath":"\/website\/var\/system\/","scripts":"minified_javascript_core_571593832f44f20..."}
2017-01-20T19:22:50+0100 : 3|admin|class|get-tree|{"page":"1","start":"0","limit":"25"}
2017-01-20T19:22:50+0100 : 3|admin|class|get-tree|{"createAllowed":"true","page":"1","start":"0","limit":"25"}
2017-01-20T19:22:50+0100 : 3|admin|settings|get-available-admin-languages|{"page":"1","start":"0","limit":"25"}
2017-01-20T19:22:50+0100 : 3|reports|targeting|persona-list|{"page":"1","start":"0","limit":"25"}
2017-01-20T19:22:50+0100 : 3|admin|settings|get-available-sites|{"page":"1","start":"0","limit":"25"}
2017-01-20T19:22:50+0100 : 3|admin|document|tree-get-root|{"id":"1","view":"null"}
2017-01-20T19:22:50+0100 : 3|admin|asset|tree-get-root|{"id":"1","view":"null"}
2017-01-20T19:22:51+0100 : 3|admin|portal|dashboard-list|[]
2017-01-20T19:22:51+0100 : 3|admin|object|tree-get-root|{"id":"null","view":"null"}
2017-01-20T19:22:51+0100 : 3|admin|document|doc-types|{"xaction":"read","page":"1","start":"0","limit":"25"}
2017-01-20T19:22:51+0100 : 3|admin|document|tree-get-childs-by-id|{"limit":"100","view":"null","node":"1"}
2017-01-20T19:22:51+0100 : 3|admin|document|tree-get-childs-by-id|{"limit":"100","view":"null","node":"1"}
2017-01-20T19:22:51+0100 : 3|admin|asset|tree-get-childs-by-id|{"limit":"30","view":"null","node":"1"}
2017-01-20T19:22:51+0100 : 3|admin|asset|tree-get-childs-by-id|{"limit":"30","view":"null","node":"1"}
2017-01-20T19:22:51+0100 : 3|admin|object|tree-get-childs-by-id|{"limit":"30","view":"null","node":"1"}
2017-01-20T19:22:51+0100 : 3|admin|object|tree-get-childs-by-id|{"limit":"30","view":"null","node":"1"}
2017-01-20T19:22:51+0100 : 3|reports|custom-report|get-report-config|[]
2017-01-20T19:23:00+0100 : 3|admin|user|tree-get-childs-by-id|{"node":"0"}
2017-01-20T19:23:01+0100 : 3|admin|user|get|{"id":"3"}
2017-01-20T19:23:02+0100 : 3|admin|user|get-image|{"id":"3"}
2017-01-20T19:23:19+0100 : 3|admin|translation|add-admin-translation-keys|{"keys":"[\"english\",\"german\",\"english\",\"german\"]"}
2017-01-20T19:23:24+0100 : 3|admin|user|update|{"id":"3","data":"{\"displayfield-1154-inputEl\":\"3\",\"passwo...","workspaces":"{\"asset\":[],\"object\":[],\"document\":[]}"}
2017-01-20T19:25:46+0100 : 3|admin|document|tree-get-childs-by-id|{"limit":"100","view":"null","fromPaging":"0","start":"0","node":"62"}
2017-01-20T19:25:49+0100 : 3|admin|document|tree-get-childs-by-id|{"limit":"100","view":"null","fromPaging":"0","start":"0","node":"40"}
2017-01-20T19:25:52+0100 : 3|admin|document|tree-get-childs-by-id|{"limit":"100","view":"null","fromPaging":"0","start":"0","node":"5"}
2017-01-20T19:25:54+0100 : 3|admin|document|tree-get-childs-by-id|{"limit":"100","view":"null","fromPaging":"0","start":"0","node":"3"}
2017-01-20T19:26:00+0100 : 3|admin|asset|get-image-thumbnail|{"id":"65","treepreview":"true"}
2017-01-20T19:26:00+0100 : 3|admin|asset|get-image-thumbnail|{"id":"70","treepreview":"true"}
2017-01-20T19:26:00+0100 : 3|admin|asset|get-image-thumbnail|{"id":"35","treepreview":"true"}
2017-01-20T19:26:00+0100 : 3|admin|asset|get-image-thumbnail|{"id":"61","treepreview":"true"}
2017-01-20T19:26:00+0100 : 3|admin|asset|get-image-thumbnail|{"id":"62","treepreview":"true"}
2017-01-20T19:26:00+0100 : 3|admin|asset|get-image-thumbnail|{"id":"69","treepreview":"true"}
2017-01-20T19:26:00+0100 : 3|admin|asset|get-image-thumbnail|{"id":"59","treepreview":"true"}
2017-01-20T19:26:00+0100 : 3|admin|asset|get-image-thumbnail|{"id":"64","treepreview":"true"}
2017-01-20T19:26:00+0100 : 3|admin|asset|get-image-thumbnail|{"id":"63","treepreview":"true"}
2017-01-20T19:26:01+0100 : 3|admin|asset|get-image-thumbnail|{"id":"60","treepreview":"true"}
2017-01-20T19:26:48+0100 : 3|admin|object|tree-get-childs-by-id|{"limit":"30","view":"null","fromPaging":"0","start":"0","node":"32"}
2017-01-20T19:26:52+0100 : 3|admin|object|tree-get-childs-by-id|{"limit":"30","view":"null","fromPaging":"0","start":"0","node":"2"}
2017-01-20T19:45:49+0100 : 3|admin|misc|ping|[]
